
204894 
204896 
204894 
204896 
204894 
204896 
360016 
672420 
672422 
2
54
80
274
276
284
72199
73417
73773
73775
74047
74048
74160
74162
74490
74502
219371
219513
219591
220559
220603
220604
220674
220700
220704
221018
221058
221158
243865
249343
249349
249733
249739
250489
250497
250498
250500
271612
271632
271644
271664
271698
271710
272120
320521
320535
321211
321641
321933
321955
321956
321958
322684
322898
322996
323036
323494
426823
427709
427729
427947
427949
427950
427952
428244
428294
428322
428358
429872
443406
443468
443490
443492
444462
493057
494261
494401
494417
495441
495443
495445
495446
495448
495618
495658
495934
496160
496250
552410
552416
552454
553142
559236
559238
622758
655328
655362
729135
730597
730775
731317
731383
731384
731390
731414
731576
731582
829193
829605
829613
830369
830395
830503
830505
846169
846577
846613
846625
846937
847233
847237
860923
860925
861833
861835
861837
861857
887613
888533
888549
888985
889125
944607
944613
948209
948521
948583
949359
949365
964613
967463
968235
968237
968247
968253
973523
973841
974145
974149
974203
976443
976445
1017809
1020917
1020935
1072039
1073959
1073961
1075753
1075793
1075795
1091635
1093793
1095769
1097175
1097179
1097183
1097205
1169895
1170935
1173629
1173683
1173685
2
54
80
274
276
284
72199
73417
73773
73775
74047
74048
74160
74162
74490
74502
219371
219513
219591
220559
220603
220604
220674
220700
220704
221018
221058
221158
243865
249343
249349
249733
249739
250489
250497
250498
250500
271612
271632
271644
271664
271698
271710
272120
320521
320535
321211
321641
321933
321955
321956
321958
322684
322898
322996
323036
323494
426823
427709
427729
427947
427949
427950
427952
428244
428294
428322
428358
429872
443406
443468
443490
443492
444462
493057
494261
494401
494417
495441
495443
495445
495446
495448
495618
495658
495934
496160
496250
552410
552416
552454
553142
559236
559238
622758
655328
655362
729135
730597
730775
731317
731383
731384
731390
731414
731576
731582
829193
829605
829613
830369
830395
830503
830505
846169
846577
846613
846625
846937
847233
847237
860923
860925
861833
861835
861837
861857
887613
888533
888549
888985
889125
944607
944613
948209
948521
948583
949359
949365
964613
967463
968235
968237
968247
968253
973523
973841
974145
974149
974203
976443
976445
1017809
1020917
1020935
1072039
1073959
1073961
1075753
1075793
1075795
1091635
1093793
1095769
1097175
1097179
1097183
1097205
1169895
1170935
1173629
1173683
1173685