
got in
2
54
80
274
276
284
6663
7881
8237
8239
8511
8512
8624
8626
8954
8966
22763
22905
22983
23951
23995
23996
24066
24092
24096
24410
24450
24550
-18279
-12801
-12795
-12411
-12405
-11655
-11647
-11646
-11644
9468
9488
9500
9520
9554
9566
9976
-7159
-7145
-6469
-6039
-5747
-5725
-5724
-5722
-4996
-4782
-4684
-4644
-4186
-31929
-31043
-31023
-30805
-30803
-30802
-30800
-30508
-30458
-30430
-30394
-28880
-15346
-15284
-15262
-15260
-14290
-31231
-30027
-29887
-29871
-28847
-28845
-28843
-28842
-28840
-28670
-28630
-28354
-28128
-28038
28122
28128
28166
28854
-30588
-30586
-32602
-32
2
8239
9701
9879
10421
10487
10488
10494
10518
10680
10686
-22775
-22363
-22355
-21599
-21573
-21465
-21463
-5799
-5391
-5355
-5343
-5031
-4735
-4731
8955
8957
9865
9867
9869
9889
-29891
-28971
-28955
-28519
-28379
27103
27109
30705
31017
31079
31855
31861
-18427
-15577
-14805
-14803
-14793
-14787
-9517
-9199
-8895
-8891
-8837
-6597
-6595
-30767
-27659
-27641
23463
25383
25385
27177
27217
27219
-22477
-20319
-18343
-16937
-16933
-16929
-16907
-9753
-8713
-6019
-5965
-5963now here